<?xml version="1.0" encoding="UTF-8"?>
<testsuite name="CinemaTests" tests="1" skipped="0" failures="0" errors="0" timestamp="2024-03-12T14:36:10" hostname="DESKTOP-9MVJJAA" time="9.256">
  <properties/>
  <testcase name="start" classname="CinemaTests" time="9.256"/>
  <system-out><![CDATA[?[1;31m
Start test 1?[0m
?[0;34m
?[0m?[0;34m  .   ____          _            __ _ _
?[0m?[0;34m /\\ / ___'_ __ _ _(_)_ __  __ _ \ \ \ \
?[0m?[0;34m( ( )\___ | '_ | '_| | '_ \/ _` | \ \ \ \
?[0m?[0;34m \\/  ___)| |_)| | | | | || (_| |  ) ) ) )
?[0m?[0;34m  '  |____| .__|_| |_|_| |_\__, | / / / /
?[0m?[0;34m =========|_|==============|___/=/_/_/_/
?[0m?[0;34m :: Spring Boot ::                (v3.0.2)
?[0m?[0;34m
?[0m?[0;34m2024-03-12T15:36:12.601+01:00  INFO 16652 --- [    Test worker] cinema.Main                              : Starting Main using Java 17.0.10 with PID 16652 (started by kolya in C:\Java\Spring Boot\Cinema Room REST Service with Java\Cinema Room REST Service with Java\task)
?[0m?[0;34m2024-03-12T15:36:12.617+01:00  INFO 16652 --- [    Test worker] cinema.Main                              : No active profile set, falling back to 1 default profile: "default"
?[0m?[0;34m2024-03-12T15:36:16.102+01:00  INFO 16652 --- [    Test worker] o.s.b.w.embedded.tomcat.TomcatWebServer  : Tomcat initialized with port(s): 28852 (http)
?[0m?[0;34m2024-03-12T15:36:16.139+01:00  INFO 16652 --- [    Test worker] o.apache.catalina.core.StandardService   : Starting service [Tomcat]
?[0m?[0;34m2024-03-12T15:36:16.140+01:00  INFO 16652 --- [    Test worker] o.apache.catalina.core.StandardEngine    : Starting Servlet engine: [Apache Tomcat/10.1.5]
?[0m?[0;34m2024-03-12T15:36:16.337+01:00  INFO 16652 --- [    Test worker] o.a.c.c.C.[Tomcat].[localhost].[/]       : Initializing Spring embedded WebApplicationContext
?[0m?[0;34m2024-03-12T15:36:16.344+01:00  INFO 16652 --- [    Test worker] w.s.c.ServletWebServerApplicationContext : Root WebApplicationContext: initialization completed in 3593 ms
?[0m?[0;34m2024-03-12T15:36:17.898+01:00  INFO 16652 --- [    Test worker] o.s.b.a.e.web.EndpointLinksResolver      : Exposing 14 endpoint(s) beneath base path '/actuator'
?[0m?[0;34m2024-03-12T15:36:18.055+01:00  INFO 16652 --- [    Test worker] o.s.b.w.embedded.tomcat.TomcatWebServer  : Tomcat started on port(s): 28852 (http) with context path ''
?[0m?[0;34m2024-03-12T15:36:18.089+01:00  INFO 16652 --- [    Test worker] cinema.Main                              : Started Main in 6.932 seconds (process running for 9.317)
?[0;34m2024-03-12T15:36:18.899+01:00  INFO 16652 --- [io-28852-exec-1] o.a.c.c.C.[Tomcat].[localhost].[/]       : Initializing Spring DispatcherServlet 'dispatcherServlet'
?[0m?[0;34m2024-03-12T15:36:18.900+01:00  INFO 16652 --- [io-28852-exec-1] o.s.web.servlet.DispatcherServlet        : Initializing Servlet 'dispatcherServlet'
?[0m?[0;34m2024-03-12T15:36:18.903+01:00  INFO 16652 --- [io-28852-exec-1] o.s.web.servlet.DispatcherServlet        : Completed initialization in 3 ms
?[0m?[1;31m
Start test 2?[0m
?[1;31m
Start test 3?[0m
?[1;31m
Start test 4?[0m
?[1;31m
Start test 5?[0m
]]></system-out>
  <system-err><![CDATA[]]></system-err>
</testsuite>
